{"/Users/soularis109/aqwex/src/entities/product/index.ts": {"path":"/Users/soularis109/aqwex/src/entities/product/index.ts","statementMap":{},"fnMap":{},"branchMap":{},"s":{},"f":{},"b":{},"meta":{"lastBranch":0,"lastFunction":0,"lastStatement":0,"seen":{}}}
,"/Users/soularis109/aqwex/src/entities/product/model/constants.ts": {"path":"/Users/soularis109/aqwex/src/entities/product/model/constants.ts","statementMap":{"0":{"start":{"line":1,"column":25},"end":{"line":1,"column":null}}},"fnMap":{},"branchMap":{},"s":{"0":3},"f":{},"b":{},"meta":{"lastBranch":0,"lastFunction":0,"lastStatement":1,"seen":{"s:1:25:1:Infinity":0}}}
,"/Users/soularis109/aqwex/src/entities/product/model/hookTypes.ts": {"path":"/Users/soularis109/aqwex/src/entities/product/model/hookTypes.ts","statementMap":{},"fnMap":{},"branchMap":{},"s":{},"f":{},"b":{},"meta":{"lastBranch":0,"lastFunction":0,"lastStatement":0,"seen":{}}}
,"/Users/soularis109/aqwex/src/entities/product/model/index.ts": {"path":"/Users/soularis109/aqwex/src/entities/product/model/index.ts","statementMap":{},"fnMap":{},"branchMap":{},"s":{},"f":{},"b":{},"meta":{"lastBranch":0,"lastFunction":0,"lastStatement":0,"seen":{}}}
,"/Users/soularis109/aqwex/src/entities/product/model/productSelectors.ts": {"path":"/Users/soularis109/aqwex/src/entities/product/model/productSelectors.ts","statementMap":{"0":{"start":{"line":17,"column":52},"end":{"line":17,"column":null}},"1":{"start":{"line":19,"column":19},"end":{"line":19,"column":45}},"2":{"start":{"line":20,"column":17},"end":{"line":20,"column":44}},"3":{"start":{"line":22,"column":16},"end":{"line":22,"column":null}},"4":{"start":{"line":23,"column":8},"end":{"line":23,"column":null}},"5":{"start":{"line":24,"column":14},"end":{"line":24,"column":null}},"6":{"start":{"line":26,"column":19},"end":{"line":26,"column":43}},"7":{"start":{"line":28,"column":2},"end":{"line":31,"column":null}},"8":{"start":{"line":35,"column":16},"end":{"line":35,"column":43}},"9":{"start":{"line":36,"column":2},"end":{"line":36,"column":null}},"10":{"start":{"line":36,"column":14},"end":{"line":36,"column":null}},"11":{"start":{"line":38,"column":2},"end":{"line":42,"column":null}},"12":{"start":{"line":39,"column":17},"end":{"line":39,"column":40}},"13":{"start":{"line":40,"column":21},"end":{"line":40,"column":48}},"14":{"start":{"line":41,"column":4},"end":{"line":41,"column":null}},"15":{"start":{"line":46,"column":2},"end":{"line":46,"column":null}},"16":{"start":{"line":46,"column":21},"end":{"line":46,"column":null}},"17":{"start":{"line":48,"column":15},"end":{"line":48,"column":25}},"18":{"start":{"line":50,"column":2},"end":{"line":62,"column":null}},"19":{"start":{"line":52,"column":6},"end":{"line":52,"column":null}},"20":{"start":{"line":52,"column":33},"end":{"line":52,"column":51}},"21":{"start":{"line":54,"column":6},"end":{"line":54,"column":null}},"22":{"start":{"line":54,"column":33},"end":{"line":54,"column":51}},"23":{"start":{"line":56,"column":6},"end":{"line":56,"column":null}},"24":{"start":{"line":56,"column":33},"end":{"line":56,"column":73}},"25":{"start":{"line":59,"column":6},"end":{"line":62,"column":null}},"26":{"start":{"line":60,"column":8},"end":{"line":60,"column":null}},"27":{"start":{"line":60,"column":35},"end":{"line":60,"column":null}},"28":{"start":{"line":61,"column":8},"end":{"line":61,"column":null}}},"fnMap":{"0":{"name":"getProductsView","decl":{"start":{"line":16,"column":16},"end":{"line":16,"column":32}},"loc":{"start":{"line":16,"column":74},"end":{"line":31,"column":null}},"line":16},"1":{"name":"applySearch","decl":{"start":{"line":34,"column":9},"end":{"line":34,"column":21}},"loc":{"start":{"line":34,"column":66},"end":{"line":42,"column":null}},"line":34},"2":{"name":"(anonymous_2)","decl":{"start":{"line":38,"column":15},"end":{"line":38,"column":23}},"loc":{"start":{"line":38,"column":32},"end":{"line":42,"column":null}},"line":38},"3":{"name":"applySort","decl":{"start":{"line":45,"column":9},"end":{"line":45,"column":19}},"loc":{"start":{"line":45,"column":68},"end":{"line":62,"column":null}},"line":45},"4":{"name":"(anonymous_4)","decl":{"start":{"line":52,"column":18},"end":{"line":52,"column":24}},"loc":{"start":{"line":52,"column":33},"end":{"line":52,"column":51}},"line":52},"5":{"name":"(anonymous_5)","decl":{"start":{"line":54,"column":18},"end":{"line":54,"column":24}},"loc":{"start":{"line":54,"column":33},"end":{"line":54,"column":51}},"line":54},"6":{"name":"(anonymous_6)","decl":{"start":{"line":56,"column":18},"end":{"line":56,"column":24}},"loc":{"start":{"line":56,"column":33},"end":{"line":56,"column":73}},"line":56},"7":{"name":"(anonymous_7)","decl":{"start":{"line":59,"column":18},"end":{"line":59,"column":24}},"loc":{"start":{"line":59,"column":33},"end":{"line":62,"column":null}},"line":59}},"branchMap":{"0":{"loc":{"start":{"line":36,"column":2},"end":{"line":36,"column":null}},"type":"if","locations":[{"start":{"line":36,"column":2},"end":{"line":36,"column":null}},{"start":{},"end":{}}],"line":36},"1":{"loc":{"start":{"line":41,"column":11},"end":{"line":41,"column":59}},"type":"binary-expr","locations":[{"start":{"line":41,"column":11},"end":{"line":41,"column":31}},{"start":{"line":41,"column":35},"end":{"line":41,"column":59}}],"line":41},"2":{"loc":{"start":{"line":46,"column":2},"end":{"line":46,"column":null}},"type":"if","locations":[{"start":{"line":46,"column":2},"end":{"line":46,"column":null}},{"start":{},"end":{}}],"line":46},"3":{"loc":{"start":{"line":50,"column":2},"end":{"line":62,"column":null}},"type":"switch","locations":[{"start":{"line":51,"column":4},"end":{"line":52,"column":null}},{"start":{"line":53,"column":4},"end":{"line":54,"column":null}},{"start":{"line":55,"column":4},"end":{"line":56,"column":null}},{"start":{"line":57,"column":4},"end":{"line":57,"column":null}},{"start":{"line":58,"column":4},"end":{"line":62,"column":null}}],"line":50},"4":{"loc":{"start":{"line":60,"column":8},"end":{"line":60,"column":null}},"type":"if","locations":[{"start":{"line":60,"column":8},"end":{"line":60,"column":null}},{"start":{},"end":{}}],"line":60}},"s":{"0":21,"1":21,"2":21,"3":21,"4":21,"5":21,"6":21,"7":21,"8":21,"9":21,"10":17,"11":4,"12":11,"13":11,"14":11,"15":21,"16":1,"17":20,"18":20,"19":2,"20":10,"21":1,"22":4,"23":1,"24":4,"25":16,"26":54,"27":34,"28":20},"f":{"0":21,"1":21,"2":11,"3":21,"4":10,"5":4,"6":4,"7":54},"b":{"0":[17,4],"1":[11,7],"2":[1,20],"3":[20,1,1,16,16],"4":[34,20]},"meta":{"lastBranch":5,"lastFunction":8,"lastStatement":29,"seen":{"f:16:16:16:32":0,"s:17:52:17:Infinity":0,"s:19:19:19:45":1,"s:20:17:20:44":2,"s:22:16:22:Infinity":3,"s:23:8:23:Infinity":4,"s:24:14:24:Infinity":5,"s:26:19:26:43":6,"s:28:2:31:Infinity":7,"f:34:9:34:21":1,"s:35:16:35:43":8,"b:36:2:36:Infinity:undefined:undefined:undefined:undefined":0,"s:36:2:36:Infinity":9,"s:36:14:36:Infinity":10,"s:38:2:42:Infinity":11,"f:38:15:38:23":2,"s:39:17:39:40":12,"s:40:21:40:48":13,"s:41:4:41:Infinity":14,"b:41:11:41:31:41:35:41:59":1,"f:45:9:45:19":3,"b:46:2:46:Infinity:undefined:undefined:undefined:undefined":2,"s:46:2:46:Infinity":15,"s:46:21:46:Infinity":16,"s:48:15:48:25":17,"b:51:4:52:Infinity:53:4:54:Infinity:55:4:56:Infinity:57:4:57:Infinity:58:4:62:Infinity":3,"s:50:2:62:Infinity":18,"s:52:6:52:Infinity":19,"f:52:18:52:24":4,"s:52:33:52:51":20,"s:54:6:54:Infinity":21,"f:54:18:54:24":5,"s:54:33:54:51":22,"s:56:6:56:Infinity":23,"f:56:18:56:24":6,"s:56:33:56:73":24,"s:59:6:62:Infinity":25,"f:59:18:59:24":7,"b:60:8:60:Infinity:undefined:undefined:undefined:undefined":4,"s:60:8:60:Infinity":26,"s:60:35:60:Infinity":27,"s:61:8:61:Infinity":28}}}
,"/Users/soularis109/aqwex/src/entities/product/model/types.ts": {"path":"/Users/soularis109/aqwex/src/entities/product/model/types.ts","statementMap":{},"fnMap":{},"branchMap":{},"s":{},"f":{},"b":{},"meta":{"lastBranch":0,"lastFunction":0,"lastStatement":0,"seen":{}}}
,"/Users/soularis109/aqwex/src/entities/product/model/useProducts.ts": {"path":"/Users/soularis109/aqwex/src/entities/product/model/useProducts.ts","statementMap":{"0":{"start":{"line":9,"column":27},"end":{"line":9,"column":null}},"1":{"start":{"line":12,"column":17},"end":{"line":12,"column":42}},"2":{"start":{"line":13,"column":17},"end":{"line":13,"column":61}},"3":{"start":{"line":14,"column":8},"end":{"line":14,"column":65}},"4":{"start":{"line":16,"column":15},"end":{"line":16,"column":37}},"5":{"start":{"line":17,"column":19},"end":{"line":17,"column":null}},"6":{"start":{"line":19,"column":26},"end":{"line":19,"column":52}},"7":{"start":{"line":21,"column":16},"end":{"line":21,"column":33}},"8":{"start":{"line":23,"column":20},"end":{"line":32,"column":null}},"9":{"start":{"line":23,"column":30},"end":{"line":31,"column":8}},"10":{"start":{"line":35,"column":22},"end":{"line":35,"column":null}},"11":{"start":{"line":37,"column":8},"end":{"line":39,"column":null}},"12":{"start":{"line":38,"column":4},"end":{"line":38,"column":null}},"13":{"start":{"line":39,"column":4},"end":{"line":39,"column":null}},"14":{"start":{"line":42,"column":8},"end":{"line":44,"column":null}},"15":{"start":{"line":43,"column":4},"end":{"line":43,"column":null}},"16":{"start":{"line":44,"column":4},"end":{"line":44,"column":null}},"17":{"start":{"line":47,"column":8},"end":{"line":48,"column":null}},"18":{"start":{"line":48,"column":4},"end":{"line":48,"column":null}},"19":{"start":{"line":51,"column":2},"end":{"line":64,"column":null}}},"fnMap":{"0":{"name":"useProducts","decl":{"start":{"line":11,"column":16},"end":{"line":11,"column":49}},"loc":{"start":{"line":11,"column":49},"end":{"line":64,"column":null}},"line":11},"1":{"name":"(anonymous_1)","decl":{"start":{"line":23,"column":30},"end":{"line":23,"column":null}},"loc":{"start":{"line":23,"column":30},"end":{"line":31,"column":8}},"line":23},"2":{"name":"(anonymous_2)","decl":{"start":{"line":37,"column":8},"end":{"line":37,"column":27}},"loc":{"start":{"line":37,"column":45},"end":{"line":39,"column":null}},"line":37},"3":{"name":"(anonymous_3)","decl":{"start":{"line":42,"column":8},"end":{"line":42,"column":27}},"loc":{"start":{"line":42,"column":49},"end":{"line":44,"column":null}},"line":42},"4":{"name":"(anonymous_4)","decl":{"start":{"line":47,"column":8},"end":{"line":47,"column":25}},"loc":{"start":{"line":47,"column":45},"end":{"line":48,"column":null}},"line":47}},"branchMap":{"0":{"loc":{"start":{"line":21,"column":16},"end":{"line":21,"column":33}},"type":"binary-expr","locations":[{"start":{"line":21,"column":16},"end":{"line":21,"column":31}},{"start":{"line":21,"column":31},"end":{"line":21,"column":33}}],"line":21}},"s":{"0":3,"1":11,"2":11,"3":11,"4":11,"5":11,"6":11,"7":11,"8":11,"9":10,"10":11,"11":11,"12":2,"13":2,"14":11,"15":1,"16":1,"17":11,"18":2,"19":11},"f":{"0":11,"1":10,"2":2,"3":1,"4":2},"b":{"0":[11,0]},"meta":{"lastBranch":1,"lastFunction":5,"lastStatement":20,"seen":{"s:9:27:9:Infinity":0,"f:11:16:11:49":0,"s:12:17:12:42":1,"s:13:17:13:61":2,"s:14:8:14:65":3,"s:16:15:16:37":4,"s:17:19:17:Infinity":5,"s:19:26:19:52":6,"s:21:16:21:33":7,"b:21:16:21:31:21:31:21:33":0,"s:23:20:32:Infinity":8,"f:23:30:23:Infinity":1,"s:23:30:31:8":9,"s:35:22:35:Infinity":10,"s:37:8:39:Infinity":11,"f:37:8:37:27":2,"s:38:4:38:Infinity":12,"s:39:4:39:Infinity":13,"s:42:8:44:Infinity":14,"f:42:8:42:27":3,"s:43:4:43:Infinity":15,"s:44:4:44:Infinity":16,"s:47:8:48:Infinity":17,"f:47:8:47:25":4,"s:48:4:48:Infinity":18,"s:51:2:64:Infinity":19}}}
,"/Users/soularis109/aqwex/src/entities/product/model/useProductsData.ts": {"path":"/Users/soularis109/aqwex/src/entities/product/model/useProductsData.ts","statementMap":{"0":{"start":{"line":13,"column":18},"end":{"line":13,"column":55}},"1":{"start":{"line":14,"column":16},"end":{"line":14,"column":57}},"2":{"start":{"line":15,"column":15},"end":{"line":15,"column":66}},"3":{"start":{"line":17,"column":2},"end":{"line":62,"column":null}},"4":{"start":{"line":18,"column":19},"end":{"line":18,"column":null}},"5":{"start":{"line":20,"column":25},"end":{"line":52,"column":null}},"6":{"start":{"line":21,"column":6},"end":{"line":21,"column":null}},"7":{"start":{"line":22,"column":6},"end":{"line":22,"column":null}},"8":{"start":{"line":24,"column":6},"end":{"line":52,"column":null}},"9":{"start":{"line":25,"column":20},"end":{"line":27,"column":10}},"10":{"start":{"line":29,"column":8},"end":{"line":30,"column":null}},"11":{"start":{"line":30,"column":10},"end":{"line":30,"column":null}},"12":{"start":{"line":33,"column":22},"end":{"line":33,"column":38}},"13":{"start":{"line":34,"column":8},"end":{"line":34,"column":null}},"14":{"start":{"line":34,"column":23},"end":{"line":34,"column":null}},"15":{"start":{"line":36,"column":14},"end":{"line":36,"column":44}},"16":{"start":{"line":37,"column":46},"end":{"line":42,"column":null}},"17":{"start":{"line":44,"column":8},"end":{"line":44,"column":null}},"18":{"start":{"line":46,"column":8},"end":{"line":46,"column":null}},"19":{"start":{"line":46,"column":23},"end":{"line":46,"column":null}},"20":{"start":{"line":47,"column":8},"end":{"line":49,"column":null}},"21":{"start":{"line":51,"column":8},"end":{"line":52,"column":null}},"22":{"start":{"line":52,"column":10},"end":{"line":52,"column":null}},"23":{"start":{"line":57,"column":4},"end":{"line":57,"column":null}},"24":{"start":{"line":59,"column":4},"end":{"line":60,"column":null}},"25":{"start":{"line":60,"column":6},"end":{"line":60,"column":null}},"26":{"start":{"line":64,"column":2},"end":{"line":68,"column":null}}},"fnMap":{"0":{"name":"useProductsData","decl":{"start":{"line":12,"column":16},"end":{"line":12,"column":57}},"loc":{"start":{"line":12,"column":57},"end":{"line":68,"column":null}},"line":12},"1":{"name":"(anonymous_1)","decl":{"start":{"line":17,"column":2},"end":{"line":17,"column":18}},"loc":{"start":{"line":17,"column":18},"end":{"line":62,"column":7}},"line":17},"2":{"name":"(anonymous_2)","decl":{"start":{"line":20,"column":25},"end":{"line":20,"column":37}},"loc":{"start":{"line":20,"column":37},"end":{"line":52,"column":null}},"line":20},"3":{"name":"(anonymous_3)","decl":{"start":{"line":59,"column":4},"end":{"line":59,"column":17}},"loc":{"start":{"line":59,"column":17},"end":{"line":60,"column":null}},"line":59}},"branchMap":{"0":{"loc":{"start":{"line":29,"column":8},"end":{"line":30,"column":null}},"type":"if","locations":[{"start":{"line":29,"column":8},"end":{"line":30,"column":null}},{"start":{},"end":{}}],"line":29},"1":{"loc":{"start":{"line":34,"column":8},"end":{"line":34,"column":null}},"type":"if","locations":[{"start":{"line":34,"column":8},"end":{"line":34,"column":null}},{"start":{},"end":{}}],"line":34},"2":{"loc":{"start":{"line":46,"column":8},"end":{"line":46,"column":null}},"type":"if","locations":[{"start":{"line":46,"column":8},"end":{"line":46,"column":null}},{"start":{},"end":{}}],"line":46},"3":{"loc":{"start":{"line":48,"column":10},"end":{"line":48,"column":null}},"type":"cond-expr","locations":[{"start":{"line":48,"column":33},"end":{"line":48,"column":47}},{"start":{"line":48,"column":47},"end":{"line":48,"column":null}}],"line":48},"4":{"loc":{"start":{"line":51,"column":8},"end":{"line":52,"column":null}},"type":"if","locations":[{"start":{"line":51,"column":8},"end":{"line":52,"column":null}},{"start":{},"end":{}}],"line":51}},"s":{"0":7,"1":7,"2":7,"3":7,"4":4,"5":4,"6":4,"7":4,"8":4,"9":4,"10":2,"11":1,"12":1,"13":1,"14":0,"15":1,"16":1,"17":1,"18":2,"19":0,"20":2,"21":3,"22":3,"23":4,"24":4,"25":4,"26":7},"f":{"0":7,"1":4,"2":4,"3":4},"b":{"0":[1,1],"1":[0,1],"2":[0,2],"3":[2,0],"4":[3,0]},"meta":{"lastBranch":5,"lastFunction":4,"lastStatement":27,"seen":{"f:12:16:12:57":0,"s:13:18:13:55":0,"s:14:16:14:57":1,"s:15:15:15:66":2,"s:17:2:62:Infinity":3,"f:17:2:17:18":1,"s:18:19:18:Infinity":4,"s:20:25:52:Infinity":5,"f:20:25:20:37":2,"s:21:6:21:Infinity":6,"s:22:6:22:Infinity":7,"s:24:6:52:Infinity":8,"s:25:20:27:10":9,"b:29:8:30:Infinity:undefined:undefined:undefined:undefined":0,"s:29:8:30:Infinity":10,"s:30:10:30:Infinity":11,"s:33:22:33:38":12,"b:34:8:34:Infinity:undefined:undefined:undefined:undefined":1,"s:34:8:34:Infinity":13,"s:34:23:34:Infinity":14,"s:36:14:36:44":15,"s:37:46:42:Infinity":16,"s:44:8:44:Infinity":17,"b:46:8:46:Infinity:undefined:undefined:undefined:undefined":2,"s:46:8:46:Infinity":18,"s:46:23:46:Infinity":19,"s:47:8:49:Infinity":20,"b:48:33:48:47:48:47:48:Infinity":3,"b:51:8:52:Infinity:undefined:undefined:undefined:undefined":4,"s:51:8:52:Infinity":21,"s:52:10:52:Infinity":22,"s:57:4:57:Infinity":23,"s:59:4:60:Infinity":24,"f:59:4:59:17":3,"s:60:6:60:Infinity":25,"s:64:2:68:Infinity":26}}}
,"/Users/soularis109/aqwex/src/entities/product/ui/ProductAvailabilityBadge.tsx": {"path":"/Users/soularis109/aqwex/src/entities/product/ui/ProductAvailabilityBadge.tsx","statementMap":{"0":{"start":{"line":8,"column":23},"end":{"line":8,"column":null}},"1":{"start":{"line":10,"column":2},"end":{"line":25,"column":null}}},"fnMap":{"0":{"name":"ProductAvailabilityBadge","decl":{"start":{"line":7,"column":16},"end":{"line":7,"column":41}},"loc":{"start":{"line":7,"column":85},"end":{"line":25,"column":null}},"line":7}},"branchMap":{"0":{"loc":{"start":{"line":14,"column":10},"end":{"line":16,"column":null}},"type":"cond-expr","locations":[{"start":{"line":15,"column":14},"end":{"line":15,"column":null}},{"start":{"line":16,"column":14},"end":{"line":16,"column":null}}],"line":14},"1":{"loc":{"start":{"line":20,"column":9},"end":{"line":20,"column":null}},"type":"cond-expr","locations":[{"start":{"line":20,"column":24},"end":{"line":20,"column":42}},{"start":{"line":20,"column":42},"end":{"line":20,"column":null}}],"line":20}},"s":{"0":9,"1":9},"f":{"0":9},"b":{"0":[1,8],"1":[1,8]},"meta":{"lastBranch":2,"lastFunction":1,"lastStatement":2,"seen":{"f:7:16:7:41":0,"s:8:23:8:Infinity":0,"s:10:2:25:Infinity":1,"b:15:14:15:Infinity:16:14:16:Infinity":0,"b:20:24:20:42:20:42:20:Infinity":1}}}
,"/Users/soularis109/aqwex/src/entities/product/ui/ProductCard.tsx": {"path":"/Users/soularis109/aqwex/src/entities/product/ui/ProductCard.tsx","statementMap":{"0":{"start":{"line":12,"column":23},"end":{"line":12,"column":null}},"1":{"start":{"line":14,"column":2},"end":{"line":43,"column":null}}},"fnMap":{"0":{"name":"ProductCard","decl":{"start":{"line":11,"column":16},"end":{"line":11,"column":28}},"loc":{"start":{"line":11,"column":59},"end":{"line":43,"column":null}},"line":11}},"branchMap":{},"s":{"0":9,"1":9},"f":{"0":9},"b":{},"meta":{"lastBranch":0,"lastFunction":1,"lastStatement":2,"seen":{"f:11:16:11:28":0,"s:12:23:12:Infinity":0,"s:14:2:43:Infinity":1}}}
,"/Users/soularis109/aqwex/src/entities/product/ui/ProductCardSkeleton.tsx": {"path":"/Users/soularis109/aqwex/src/entities/product/ui/ProductCardSkeleton.tsx","statementMap":{"0":{"start":{"line":2,"column":2},"end":{"line":31,"column":null}}},"fnMap":{"0":{"name":"ProductCardSkeleton","decl":{"start":{"line":1,"column":16},"end":{"line":1,"column":38}},"loc":{"start":{"line":1,"column":38},"end":{"line":31,"column":null}},"line":1}},"branchMap":{},"s":{"0":8},"f":{"0":8},"b":{},"meta":{"lastBranch":0,"lastFunction":1,"lastStatement":1,"seen":{"f:1:16:1:38":0,"s:2:2:31:Infinity":0}}}
,"/Users/soularis109/aqwex/src/entities/product/ui/ProductPriceBlock.tsx": {"path":"/Users/soularis109/aqwex/src/entities/product/ui/ProductPriceBlock.tsx","statementMap":{"0":{"start":{"line":8,"column":2},"end":{"line":17,"column":null}}},"fnMap":{"0":{"name":"ProductPriceBlock","decl":{"start":{"line":7,"column":16},"end":{"line":7,"column":34}},"loc":{"start":{"line":7,"column":71},"end":{"line":17,"column":null}},"line":7}},"branchMap":{},"s":{"0":9},"f":{"0":9},"b":{},"meta":{"lastBranch":0,"lastFunction":1,"lastStatement":1,"seen":{"f:7:16:7:34":0,"s:8:2:17:Infinity":0}}}
,"/Users/soularis109/aqwex/src/entities/product/ui/ProductVolumeSelect.tsx": {"path":"/Users/soularis109/aqwex/src/entities/product/ui/ProductVolumeSelect.tsx","statementMap":{"0":{"start":{"line":9,"column":2},"end":{"line":22,"column":null}},"1":{"start":{"line":16,"column":10},"end":{"line":19,"column":null}}},"fnMap":{"0":{"name":"ProductVolumeSelect","decl":{"start":{"line":8,"column":16},"end":{"line":8,"column":36}},"loc":{"start":{"line":8,"column":75},"end":{"line":22,"column":null}},"line":8},"1":{"name":"(anonymous_1)","decl":{"start":{"line":15,"column":25},"end":{"line":15,"column":30}},"loc":{"start":{"line":16,"column":10},"end":{"line":19,"column":null}},"line":16}},"branchMap":{"0":{"loc":{"start":{"line":18,"column":13},"end":{"line":18,"column":null}},"type":"cond-expr","locations":[{"start":{"line":18,"column":32},"end":{"line":18,"column":53}},{"start":{"line":18,"column":53},"end":{"line":18,"column":null}}],"line":18}},"s":{"0":9,"1":0},"f":{"0":9,"1":0},"b":{"0":[0,0]},"meta":{"lastBranch":1,"lastFunction":2,"lastStatement":2,"seen":{"f:8:16:8:36":0,"s:9:2:22:Infinity":0,"f:15:25:15:30":1,"s:16:10:19:Infinity":1,"b:18:32:18:53:18:53:18:Infinity":0}}}
,"/Users/soularis109/aqwex/src/pages/products/ui/ProductsPage.tsx": {"path":"/Users/soularis109/aqwex/src/pages/products/ui/ProductsPage.tsx","statementMap":{"0":{"start":{"line":19,"column":4},"end":{"line":20,"column":19}},"1":{"start":{"line":22,"column":2},"end":{"line":22,"column":null}},"2":{"start":{"line":24,"column":2},"end":{"line":53,"column":null}}},"fnMap":{"0":{"name":"ProductsPage","decl":{"start":{"line":7,"column":9},"end":{"line":7,"column":24}},"loc":{"start":{"line":7,"column":24},"end":{"line":53,"column":null}},"line":7}},"branchMap":{},"s":{"0":6,"1":6,"2":6},"f":{"0":6},"b":{},"meta":{"lastBranch":0,"lastFunction":1,"lastStatement":3,"seen":{"f:7:9:7:24":0,"s:19:4:20:19":0,"s:22:2:22:Infinity":1,"s:24:2:53:Infinity":2}}}
,"/Users/soularis109/aqwex/src/shared/api/config.ts": {"path":"/Users/soularis109/aqwex/src/shared/api/config.ts","statementMap":{"0":{"start":{"line":1,"column":16},"end":{"line":1,"column":null}},"1":{"start":{"line":3,"column":0},"end":{"line":5,"column":null}},"2":{"start":{"line":5,"column":2},"end":{"line":5,"column":null}},"3":{"start":{"line":8,"column":6},"end":{"line":11,"column":null}},"4":{"start":{"line":14,"column":28},"end":{"line":14,"column":null}},"5":{"start":{"line":15,"column":28},"end":{"line":15,"column":null}}},"fnMap":{},"branchMap":{"0":{"loc":{"start":{"line":3,"column":0},"end":{"line":5,"column":null}},"type":"if","locations":[{"start":{"line":3,"column":0},"end":{"line":5,"column":null}},{"start":{},"end":{}}],"line":3},"1":{"loc":{"start":{"line":9,"column":3},"end":{"line":9,"column":79}},"type":"binary-expr","locations":[{"start":{"line":9,"column":3},"end":{"line":9,"column":14}},{"start":{"line":9,"column":14},"end":{"line":9,"column":79}}],"line":9}},"s":{"0":3,"1":3,"2":3,"3":3,"4":3,"5":3},"f":{},"b":{"0":[3,0],"1":[3,3]},"meta":{"lastBranch":2,"lastFunction":0,"lastStatement":6,"seen":{"s:1:16:1:Infinity":0,"b:3:0:5:Infinity:undefined:undefined:undefined:undefined":0,"s:3:0:5:Infinity":1,"s:5:2:5:Infinity":2,"s:8:6:11:Infinity":3,"b:9:3:9:14:9:14:9:79":1,"s:14:28:14:Infinity":4,"s:15:28:15:Infinity":5}}}
,"/Users/soularis109/aqwex/src/shared/api/index.ts": {"path":"/Users/soularis109/aqwex/src/shared/api/index.ts","statementMap":{},"fnMap":{},"branchMap":{},"s":{},"f":{},"b":{},"meta":{"lastBranch":0,"lastFunction":0,"lastStatement":0,"seen":{}}}
,"/Users/soularis109/aqwex/src/shared/api/product/index.ts": {"path":"/Users/soularis109/aqwex/src/shared/api/product/index.ts","statementMap":{},"fnMap":{},"branchMap":{},"s":{},"f":{},"b":{},"meta":{"lastBranch":0,"lastFunction":0,"lastStatement":0,"seen":{}}}
,"/Users/soularis109/aqwex/src/shared/api/product/mappers.ts": {"path":"/Users/soularis109/aqwex/src/shared/api/product/mappers.ts","statementMap":{"0":{"start":{"line":6,"column":2},"end":{"line":6,"column":null}}},"fnMap":{"0":{"name":"mapDtoToProducts","decl":{"start":{"line":5,"column":16},"end":{"line":5,"column":33}},"loc":{"start":{"line":5,"column":75},"end":{"line":6,"column":null}},"line":5}},"branchMap":{},"s":{"0":5},"f":{"0":5},"b":{},"meta":{"lastBranch":0,"lastFunction":1,"lastStatement":1,"seen":{"f:5:16:5:33":0,"s:6:2:6:Infinity":0}}}
,"/Users/soularis109/aqwex/src/shared/hooks/index.ts": {"path":"/Users/soularis109/aqwex/src/shared/hooks/index.ts","statementMap":{},"fnMap":{},"branchMap":{},"s":{},"f":{},"b":{},"meta":{"lastBranch":0,"lastFunction":0,"lastStatement":0,"seen":{}}}
,"/Users/soularis109/aqwex/src/shared/hooks/useDebounce.ts": {"path":"/Users/soularis109/aqwex/src/shared/hooks/useDebounce.ts","statementMap":{"0":{"start":{"line":4,"column":25},"end":{"line":4,"column":64}},"1":{"start":{"line":6,"column":2},"end":{"line":14,"column":null}},"2":{"start":{"line":7,"column":18},"end":{"line":9,"column":13}},"3":{"start":{"line":8,"column":6},"end":{"line":8,"column":null}},"4":{"start":{"line":11,"column":4},"end":{"line":12,"column":null}},"5":{"start":{"line":12,"column":6},"end":{"line":12,"column":null}},"6":{"start":{"line":16,"column":2},"end":{"line":16,"column":null}}},"fnMap":{"0":{"name":"useDebounce","decl":{"start":{"line":3,"column":16},"end":{"line":3,"column":31}},"loc":{"start":{"line":3,"column":59},"end":{"line":16,"column":null}},"line":3},"1":{"name":"(anonymous_1)","decl":{"start":{"line":6,"column":2},"end":{"line":6,"column":18}},"loc":{"start":{"line":6,"column":18},"end":{"line":14,"column":6}},"line":6},"2":{"name":"(anonymous_2)","decl":{"start":{"line":7,"column":25},"end":{"line":7,"column":42}},"loc":{"start":{"line":7,"column":42},"end":{"line":9,"column":13}},"line":7},"3":{"name":"(anonymous_3)","decl":{"start":{"line":11,"column":4},"end":{"line":11,"column":17}},"loc":{"start":{"line":11,"column":17},"end":{"line":12,"column":null}},"line":11}},"branchMap":{},"s":{"0":20,"1":20,"2":14,"3":3,"4":14,"5":14,"6":20},"f":{"0":20,"1":14,"2":3,"3":14},"b":{},"meta":{"lastBranch":0,"lastFunction":4,"lastStatement":7,"seen":{"f:3:16:3:31":0,"s:4:25:4:64":0,"s:6:2:14:Infinity":1,"f:6:2:6:18":1,"s:7:18:9:13":2,"f:7:25:7:42":2,"s:8:6:8:Infinity":3,"s:11:4:12:Infinity":4,"f:11:4:11:17":3,"s:12:6:12:Infinity":5,"s:16:2:16:Infinity":6}}}
,"/Users/soularis109/aqwex/src/shared/hooks/useScrollToTopOnChange.ts": {"path":"/Users/soularis109/aqwex/src/shared/hooks/useScrollToTopOnChange.ts","statementMap":{"0":{"start":{"line":4,"column":2},"end":{"line":9,"column":null}},"1":{"start":{"line":5,"column":4},"end":{"line":8,"column":null}}},"fnMap":{"0":{"name":"useScrollToTopOnChange","decl":{"start":{"line":3,"column":16},"end":{"line":3,"column":39}},"loc":{"start":{"line":3,"column":59},"end":{"line":9,"column":null}},"line":3},"1":{"name":"(anonymous_1)","decl":{"start":{"line":4,"column":2},"end":{"line":4,"column":18}},"loc":{"start":{"line":4,"column":18},"end":{"line":9,"column":6}},"line":4}},"branchMap":{},"s":{"0":3,"1":3},"f":{"0":3,"1":3},"b":{},"meta":{"lastBranch":0,"lastFunction":2,"lastStatement":2,"seen":{"f:3:16:3:39":0,"s:4:2:9:Infinity":0,"f:4:2:4:18":1,"s:5:4:8:Infinity":1}}}
,"/Users/soularis109/aqwex/src/shared/hooks/useThrottle.ts": {"path":"/Users/soularis109/aqwex/src/shared/hooks/useThrottle.ts","statementMap":{"0":{"start":{"line":4,"column":25},"end":{"line":4,"column":64}},"1":{"start":{"line":5,"column":8},"end":{"line":5,"column":39}},"2":{"start":{"line":6,"column":8},"end":{"line":6,"column":71}},"3":{"start":{"line":8,"column":2},"end":{"line":37,"column":null}},"4":{"start":{"line":9,"column":16},"end":{"line":9,"column":26}},"5":{"start":{"line":10,"column":4},"end":{"line":10,"column":null}},"6":{"start":{"line":10,"column":35},"end":{"line":10,"column":null}},"7":{"start":{"line":11,"column":20},"end":{"line":11,"column":null}},"8":{"start":{"line":13,"column":4},"end":{"line":28,"column":null}},"9":{"start":{"line":14,"column":6},"end":{"line":14,"column":null}},"10":{"start":{"line":16,"column":6},"end":{"line":16,"column":null}},"11":{"start":{"line":17,"column":6},"end":{"line":19,"column":null}},"12":{"start":{"line":18,"column":8},"end":{"line":18,"column":null}},"13":{"start":{"line":19,"column":8},"end":{"line":19,"column":null}},"14":{"start":{"line":22,"column":6},"end":{"line":22,"column":null}},"15":{"start":{"line":22,"column":30},"end":{"line":22,"column":null}},"16":{"start":{"line":23,"column":24},"end":{"line":23,"column":null}},"17":{"start":{"line":24,"column":6},"end":{"line":28,"column":null}},"18":{"start":{"line":25,"column":8},"end":{"line":25,"column":null}},"19":{"start":{"line":26,"column":8},"end":{"line":26,"column":null}},"20":{"start":{"line":27,"column":8},"end":{"line":27,"column":null}},"21":{"start":{"line":31,"column":4},"end":{"line":34,"column":null}},"22":{"start":{"line":32,"column":6},"end":{"line":34,"column":null}},"23":{"start":{"line":33,"column":8},"end":{"line":33,"column":null}},"24":{"start":{"line":34,"column":8},"end":{"line":34,"column":null}},"25":{"start":{"line":39,"column":2},"end":{"line":39,"column":null}}},"fnMap":{"0":{"name":"useThrottle","decl":{"start":{"line":3,"column":16},"end":{"line":3,"column":31}},"loc":{"start":{"line":3,"column":62},"end":{"line":39,"column":null}},"line":3},"1":{"name":"(anonymous_1)","decl":{"start":{"line":8,"column":2},"end":{"line":8,"column":18}},"loc":{"start":{"line":8,"column":18},"end":{"line":37,"column":6}},"line":8},"2":{"name":"(anonymous_2)","decl":{"start":{"line":24,"column":27},"end":{"line":24,"column":44}},"loc":{"start":{"line":24,"column":44},"end":{"line":28,"column":19}},"line":24},"3":{"name":"(anonymous_3)","decl":{"start":{"line":31,"column":4},"end":{"line":31,"column":17}},"loc":{"start":{"line":31,"column":17},"end":{"line":34,"column":null}},"line":31}},"branchMap":{"0":{"loc":{"start":{"line":10,"column":4},"end":{"line":10,"column":null}},"type":"if","locations":[{"start":{"line":10,"column":4},"end":{"line":10,"column":null}},{"start":{},"end":{}}],"line":10},"1":{"loc":{"start":{"line":13,"column":4},"end":{"line":28,"column":null}},"type":"if","locations":[{"start":{"line":13,"column":4},"end":{"line":28,"column":null}},{"start":{"line":21,"column":11},"end":{"line":28,"column":null}}],"line":13},"2":{"loc":{"start":{"line":17,"column":6},"end":{"line":19,"column":null}},"type":"if","locations":[{"start":{"line":17,"column":6},"end":{"line":19,"column":null}},{"start":{},"end":{}}],"line":17},"3":{"loc":{"start":{"line":22,"column":6},"end":{"line":22,"column":null}},"type":"if","locations":[{"start":{"line":22,"column":6},"end":{"line":22,"column":null}},{"start":{},"end":{}}],"line":22},"4":{"loc":{"start":{"line":32,"column":6},"end":{"line":34,"column":null}},"type":"if","locations":[{"start":{"line":32,"column":6},"end":{"line":34,"column":null}},{"start":{},"end":{}}],"line":32}},"s":{"0":8,"1":8,"2":8,"3":8,"4":6,"5":6,"6":3,"7":6,"8":6,"9":0,"10":0,"11":0,"12":0,"13":0,"14":6,"15":0,"16":6,"17":6,"18":2,"19":2,"20":2,"21":6,"22":6,"23":4,"24":4,"25":8},"f":{"0":8,"1":6,"2":2,"3":6},"b":{"0":[3,3],"1":[0,6],"2":[0,0],"3":[0,6],"4":[4,2]},"meta":{"lastBranch":5,"lastFunction":4,"lastStatement":26,"seen":{"f:3:16:3:31":0,"s:4:25:4:64":0,"s:5:8:5:39":1,"s:6:8:6:71":2,"s:8:2:37:Infinity":3,"f:8:2:8:18":1,"s:9:16:9:26":4,"b:10:4:10:Infinity:undefined:undefined:undefined:undefined":0,"s:10:4:10:Infinity":5,"s:10:35:10:Infinity":6,"s:11:20:11:Infinity":7,"b:13:4:28:Infinity:21:11:28:Infinity":1,"s:13:4:28:Infinity":8,"s:14:6:14:Infinity":9,"s:16:6:16:Infinity":10,"b:17:6:19:Infinity:undefined:undefined:undefined:undefined":2,"s:17:6:19:Infinity":11,"s:18:8:18:Infinity":12,"s:19:8:19:Infinity":13,"b:22:6:22:Infinity:undefined:undefined:undefined:undefined":3,"s:22:6:22:Infinity":14,"s:22:30:22:Infinity":15,"s:23:24:23:Infinity":16,"s:24:6:28:Infinity":17,"f:24:27:24:44":2,"s:25:8:25:Infinity":18,"s:26:8:26:Infinity":19,"s:27:8:27:Infinity":20,"s:31:4:34:Infinity":21,"f:31:4:31:17":3,"b:32:6:34:Infinity:undefined:undefined:undefined:undefined":4,"s:32:6:34:Infinity":22,"s:33:8:33:Infinity":23,"s:34:8:34:Infinity":24,"s:39:2:39:Infinity":25}}}
,"/Users/soularis109/aqwex/src/shared/lib/index.ts": {"path":"/Users/soularis109/aqwex/src/shared/lib/index.ts","statementMap":{},"fnMap":{},"branchMap":{},"s":{},"f":{},"b":{},"meta":{"lastBranch":0,"lastFunction":0,"lastStatement":0,"seen":{}}}
,"/Users/soularis109/aqwex/src/shared/lib/pluralizeProducts.ts": {"path":"/Users/soularis109/aqwex/src/shared/lib/pluralizeProducts.ts","statementMap":{"0":{"start":{"line":8,"column":16},"end":{"line":8,"column":null}},"1":{"start":{"line":9,"column":17},"end":{"line":9,"column":null}},"2":{"start":{"line":12,"column":4},"end":{"line":16,"column":null}},"3":{"start":{"line":18,"column":2},"end":{"line":18,"column":null}}},"fnMap":{"0":{"name":"pluralizeProducts","decl":{"start":{"line":7,"column":16},"end":{"line":7,"column":34}},"loc":{"start":{"line":7,"column":57},"end":{"line":18,"column":null}},"line":7}},"branchMap":{"0":{"loc":{"start":{"line":12,"column":4},"end":{"line":16,"column":null}},"type":"cond-expr","locations":[{"start":{"line":13,"column":8},"end":{"line":13,"column":null}},{"start":{"line":14,"column":8},"end":{"line":16,"column":null}}],"line":12},"1":{"loc":{"start":{"line":12,"column":4},"end":{"line":12,"column":null}},"type":"binary-expr","locations":[{"start":{"line":12,"column":4},"end":{"line":12,"column":19}},{"start":{"line":12,"column":19},"end":{"line":12,"column":null}}],"line":12},"2":{"loc":{"start":{"line":14,"column":8},"end":{"line":16,"column":null}},"type":"cond-expr","locations":[{"start":{"line":15,"column":10},"end":{"line":15,"column":null}},{"start":{"line":16,"column":10},"end":{"line":16,"column":null}}],"line":14},"3":{"loc":{"start":{"line":14,"column":8},"end":{"line":14,"column":null}},"type":"binary-expr","locations":[{"start":{"line":14,"column":8},"end":{"line":14,"column":22}},{"start":{"line":14,"column":22},"end":{"line":14,"column":37}},{"start":{"line":14,"column":37},"end":{"line":14,"column":52}},{"start":{"line":14,"column":52},"end":{"line":14,"column":null}}],"line":14}},"s":{"0":24,"1":24,"2":24,"3":24},"f":{"0":24},"b":{"0":[7,17],"1":[24,8],"2":[6,11],"3":[17,11,9,6]},"meta":{"lastBranch":4,"lastFunction":1,"lastStatement":4,"seen":{"f:7:16:7:34":0,"s:8:16:8:Infinity":0,"s:9:17:9:Infinity":1,"s:12:4:16:Infinity":2,"b:13:8:13:Infinity:14:8:16:Infinity":0,"b:12:4:12:19:12:19:12:Infinity":1,"b:15:10:15:Infinity:16:10:16:Infinity":2,"b:14:8:14:22:14:22:14:37:14:37:14:52:14:52:14:Infinity":3,"s:18:2:18:Infinity":3}}}
,"/Users/soularis109/aqwex/src/shared/ui/Button.tsx": {"path":"/Users/soularis109/aqwex/src/shared/ui/Button.tsx","statementMap":{"0":{"start":{"line":3,"column":22},"end":{"line":12,"column":null}},"1":{"start":{"line":20,"column":13},"end":{"line":33,"column":null}},"2":{"start":{"line":23,"column":6},"end":{"line":23,"column":null}},"3":{"start":{"line":24,"column":4},"end":{"line":30,"column":null}},"4":{"start":{"line":35,"column":0},"end":{"line":35,"column":null}}},"fnMap":{"0":{"name":"(anonymous_0)","decl":{"start":{"line":20,"column":22},"end":{"line":20,"column":null}},"loc":{"start":{"line":21,"column":79},"end":{"line":33,"column":null}},"line":21}},"branchMap":{"0":{"loc":{"start":{"line":21,"column":5},"end":{"line":21,"column":26}},"type":"default-arg","locations":[{"start":{"line":21,"column":15},"end":{"line":21,"column":26}}],"line":21},"1":{"loc":{"start":{"line":21,"column":26},"end":{"line":21,"column":43}},"type":"default-arg","locations":[{"start":{"line":21,"column":33},"end":{"line":21,"column":43}}],"line":21},"2":{"loc":{"start":{"line":21,"column":43},"end":{"line":21,"column":59}},"type":"default-arg","locations":[{"start":{"line":21,"column":55},"end":{"line":21,"column":59}}],"line":21}},"s":{"0":6,"1":6,"2":39,"3":39,"4":6},"f":{"0":39},"b":{"0":[39],"1":[39],"2":[39]},"meta":{"lastBranch":3,"lastFunction":1,"lastStatement":5,"seen":{"s:3:22:12:Infinity":0,"s:20:13:33:Infinity":1,"f:20:22:20:Infinity":0,"b:21:15:21:26":0,"b:21:33:21:43":1,"b:21:55:21:59":2,"s:23:6:23:Infinity":2,"s:24:4:30:Infinity":3,"s:35:0:35:Infinity":4}}}
,"/Users/soularis109/aqwex/src/shared/ui/ErrorBoundary.tsx": {"path":"/Users/soularis109/aqwex/src/shared/ui/ErrorBoundary.tsx","statementMap":{"0":{"start":{"line":18,"column":4},"end":{"line":18,"column":null}},"1":{"start":{"line":19,"column":4},"end":{"line":19,"column":null}},"2":{"start":{"line":23,"column":4},"end":{"line":23,"column":null}},"3":{"start":{"line":27,"column":4},"end":{"line":27,"column":null}},"4":{"start":{"line":31,"column":4},"end":{"line":43,"column":null}},"5":{"start":{"line":32,"column":6},"end":{"line":43,"column":null}},"6":{"start":{"line":48,"column":4},"end":{"line":48,"column":null}}},"fnMap":{"0":{"name":"(anonymous_0)","decl":{"start":{"line":17,"column":2},"end":{"line":17,"column":14}},"loc":{"start":{"line":17,"column":41},"end":{"line":19,"column":null}},"line":17},"1":{"name":"(anonymous_1)","decl":{"start":{"line":22,"column":9},"end":{"line":22,"column":56}},"loc":{"start":{"line":22,"column":56},"end":{"line":23,"column":null}},"line":22},"2":{"name":"(anonymous_2)","decl":{"start":{"line":26,"column":2},"end":{"line":26,"column":20}},"loc":{"start":{"line":26,"column":62},"end":{"line":27,"column":null}},"line":26},"3":{"name":"(anonymous_3)","decl":{"start":{"line":30,"column":2},"end":{"line":30,"column":22}},"loc":{"start":{"line":30,"column":22},"end":{"line":48,"column":null}},"line":30}},"branchMap":{"0":{"loc":{"start":{"line":31,"column":4},"end":{"line":43,"column":null}},"type":"if","locations":[{"start":{"line":31,"column":4},"end":{"line":43,"column":null}},{"start":{},"end":{}}],"line":31},"1":{"loc":{"start":{"line":33,"column":8},"end":{"line":43,"column":null}},"type":"binary-expr","locations":[{"start":{"line":33,"column":8},"end":{"line":33,"column":null}},{"start":{"line":34,"column":10},"end":{"line":43,"column":null}}],"line":33}},"s":{"0":6,"1":6,"2":4,"3":2,"4":9,"5":4,"6":5},"f":{"0":6,"1":6,"2":2,"3":9},"b":{"0":[4,5],"1":[4,2]},"meta":{"lastBranch":2,"lastFunction":4,"lastStatement":7,"seen":{"f:17:2:17:14":0,"s:18:4:18:Infinity":0,"s:19:4:19:Infinity":1,"f:22:9:22:56":1,"s:23:4:23:Infinity":2,"f:26:2:26:20":2,"s:27:4:27:Infinity":3,"f:30:2:30:22":3,"b:31:4:43:Infinity:undefined:undefined:undefined:undefined":0,"s:31:4:43:Infinity":4,"s:32:6:43:Infinity":5,"b:33:8:33:Infinity:34:10:43:Infinity":1,"s:48:4:48:Infinity":6}}}
,"/Users/soularis109/aqwex/src/shared/ui/ErrorToolbar.tsx": {"path":"/Users/soularis109/aqwex/src/shared/ui/ErrorToolbar.tsx","statementMap":{"0":{"start":{"line":12,"column":18},"end":{"line":12,"column":56}},"1":{"start":{"line":14,"column":8},"end":{"line":17,"column":15}},"2":{"start":{"line":15,"column":4},"end":{"line":15,"column":null}},"3":{"start":{"line":16,"column":4},"end":{"line":16,"column":null}},"4":{"start":{"line":19,"column":2},"end":{"line":21,"column":null}},"5":{"start":{"line":20,"column":4},"end":{"line":20,"column":null}},"6":{"start":{"line":23,"column":2},"end":{"line":31,"column":null}},"7":{"start":{"line":24,"column":4},"end":{"line":24,"column":null}},"8":{"start":{"line":24,"column":33},"end":{"line":24,"column":null}},"9":{"start":{"line":26,"column":18},"end":{"line":28,"column":18}},"10":{"start":{"line":27,"column":6},"end":{"line":27,"column":null}},"11":{"start":{"line":30,"column":4},"end":{"line":30,"column":null}},"12":{"start":{"line":30,"column":17},"end":{"line":30,"column":36}},"13":{"start":{"line":33,"column":2},"end":{"line":33,"column":null}},"14":{"start":{"line":33,"column":26},"end":{"line":33,"column":null}},"15":{"start":{"line":35,"column":2},"end":{"line":57,"column":null}}},"fnMap":{"0":{"name":"ErrorToolbar","decl":{"start":{"line":11,"column":16},"end":{"line":11,"column":29}},"loc":{"start":{"line":11,"column":84},"end":{"line":57,"column":null}},"line":11},"1":{"name":"(anonymous_1)","decl":{"start":{"line":14,"column":22},"end":{"line":14,"column":40}},"loc":{"start":{"line":14,"column":40},"end":{"line":17,"column":6}},"line":14},"2":{"name":"(anonymous_2)","decl":{"start":{"line":19,"column":2},"end":{"line":19,"column":18}},"loc":{"start":{"line":19,"column":18},"end":{"line":21,"column":6}},"line":19},"3":{"name":"(anonymous_3)","decl":{"start":{"line":23,"column":2},"end":{"line":23,"column":18}},"loc":{"start":{"line":23,"column":18},"end":{"line":31,"column":6}},"line":23},"4":{"name":"(anonymous_4)","decl":{"start":{"line":26,"column":18},"end":{"line":26,"column":35}},"loc":{"start":{"line":26,"column":35},"end":{"line":28,"column":18}},"line":26},"5":{"name":"(anonymous_5)","decl":{"start":{"line":30,"column":4},"end":{"line":30,"column":17}},"loc":{"start":{"line":30,"column":17},"end":{"line":30,"column":36}},"line":30}},"branchMap":{"0":{"loc":{"start":{"line":11,"column":47},"end":{"line":11,"column":84}},"type":"default-arg","locations":[{"start":{"line":11,"column":60},"end":{"line":11,"column":84}}],"line":11},"1":{"loc":{"start":{"line":24,"column":4},"end":{"line":24,"column":null}},"type":"if","locations":[{"start":{"line":24,"column":4},"end":{"line":24,"column":null}},{"start":{},"end":{}}],"line":24},"2":{"loc":{"start":{"line":24,"column":8},"end":{"line":24,"column":33}},"type":"binary-expr","locations":[{"start":{"line":24,"column":8},"end":{"line":24,"column":20}},{"start":{"line":24,"column":20},"end":{"line":24,"column":33}}],"line":24},"3":{"loc":{"start":{"line":33,"column":2},"end":{"line":33,"column":null}},"type":"if","locations":[{"start":{"line":33,"column":2},"end":{"line":33,"column":null}},{"start":{},"end":{}}],"line":33},"4":{"loc":{"start":{"line":33,"column":6},"end":{"line":33,"column":26}},"type":"binary-expr","locations":[{"start":{"line":33,"column":6},"end":{"line":33,"column":16}},{"start":{"line":33,"column":16},"end":{"line":33,"column":26}}],"line":33}},"s":{"0":6,"1":6,"2":0,"3":0,"4":6,"5":6,"6":6,"7":6,"8":6,"9":0,"10":0,"11":0,"12":0,"13":6,"14":6,"15":0},"f":{"0":6,"1":0,"2":6,"3":6,"4":0,"5":0},"b":{"0":[6],"1":[6,0],"2":[6,0],"3":[6,0],"4":[6,0]},"meta":{"lastBranch":5,"lastFunction":6,"lastStatement":16,"seen":{"f:11:16:11:29":0,"b:11:60:11:84":0,"s:12:18:12:56":0,"s:14:8:17:15":1,"f:14:22:14:40":1,"s:15:4:15:Infinity":2,"s:16:4:16:Infinity":3,"s:19:2:21:Infinity":4,"f:19:2:19:18":2,"s:20:4:20:Infinity":5,"s:23:2:31:Infinity":6,"f:23:2:23:18":3,"b:24:4:24:Infinity:undefined:undefined:undefined:undefined":1,"s:24:4:24:Infinity":7,"b:24:8:24:20:24:20:24:33":2,"s:24:33:24:Infinity":8,"s:26:18:28:18":9,"f:26:18:26:35":4,"s:27:6:27:Infinity":10,"s:30:4:30:Infinity":11,"f:30:4:30:17":5,"s:30:17:30:36":12,"b:33:2:33:Infinity:undefined:undefined:undefined:undefined":3,"s:33:2:33:Infinity":13,"b:33:6:33:16:33:16:33:26":4,"s:33:26:33:Infinity":14,"s:35:2:57:Infinity":15}}}
,"/Users/soularis109/aqwex/src/shared/ui/Footer.tsx": {"path":"/Users/soularis109/aqwex/src/shared/ui/Footer.tsx","statementMap":{"0":{"start":{"line":2,"column":2},"end":{"line":14,"column":null}}},"fnMap":{"0":{"name":"Footer","decl":{"start":{"line":1,"column":16},"end":{"line":1,"column":25}},"loc":{"start":{"line":1,"column":25},"end":{"line":14,"column":null}},"line":1}},"branchMap":{},"s":{"0":6},"f":{"0":6},"b":{},"meta":{"lastBranch":0,"lastFunction":1,"lastStatement":1,"seen":{"f:1:16:1:25":0,"s:2:2:14:Infinity":0}}}
,"/Users/soularis109/aqwex/src/shared/ui/Header.tsx": {"path":"/Users/soularis109/aqwex/src/shared/ui/Header.tsx","statementMap":{"0":{"start":{"line":12,"column":47},"end":{"line":17,"column":null}},"1":{"start":{"line":20,"column":2},"end":{"line":59,"column":null}},"2":{"start":{"line":32,"column":25},"end":{"line":32,"column":43}},"3":{"start":{"line":38,"column":27},"end":{"line":38,"column":57}},"4":{"start":{"line":52,"column":27},"end":{"line":52,"column":69}},"5":{"start":{"line":55,"column":12},"end":{"line":57,"column":null}}},"fnMap":{"0":{"name":"Header","decl":{"start":{"line":19,"column":16},"end":{"line":19,"column":23}},"loc":{"start":{"line":19,"column":86},"end":{"line":59,"column":null}},"line":19},"1":{"name":"(anonymous_1)","decl":{"start":{"line":32,"column":8},"end":{"line":32,"column":19}},"loc":{"start":{"line":32,"column":25},"end":{"line":32,"column":43}},"line":32},"2":{"name":"(anonymous_2)","decl":{"start":{"line":38,"column":10},"end":{"line":38,"column":21}},"loc":{"start":{"line":38,"column":27},"end":{"line":38,"column":57}},"line":38},"3":{"name":"(anonymous_3)","decl":{"start":{"line":52,"column":10},"end":{"line":52,"column":21}},"loc":{"start":{"line":52,"column":27},"end":{"line":52,"column":69}},"line":52},"4":{"name":"(anonymous_4)","decl":{"start":{"line":54,"column":38},"end":{"line":54,"column":43}},"loc":{"start":{"line":55,"column":12},"end":{"line":57,"column":null}},"line":55}},"branchMap":{},"s":{"0":5,"1":6,"2":0,"3":0,"4":0,"5":24},"f":{"0":6,"1":0,"2":0,"3":0,"4":24},"b":{},"meta":{"lastBranch":0,"lastFunction":5,"lastStatement":6,"seen":{"s:12:47:17:Infinity":0,"f:19:16:19:23":0,"s:20:2:59:Infinity":1,"f:32:8:32:19":1,"s:32:25:32:43":2,"f:38:10:38:21":2,"s:38:27:38:57":3,"f:52:10:52:21":3,"s:52:27:52:69":4,"f:54:38:54:43":4,"s:55:12:57:Infinity":5}}}
,"/Users/soularis109/aqwex/src/shared/ui/Input.tsx": {"path":"/Users/soularis109/aqwex/src/shared/ui/Input.tsx","statementMap":{"0":{"start":{"line":4,"column":2},"end":{"line":4,"column":null}},"1":{"start":{"line":11,"column":13},"end":{"line":29,"column":null}},"2":{"start":{"line":13,"column":25},"end":{"line":13,"column":48}},"3":{"start":{"line":14,"column":4},"end":{"line":25,"column":null}},"4":{"start":{"line":31,"column":0},"end":{"line":31,"column":null}}},"fnMap":{"0":{"name":"(anonymous_0)","decl":{"start":{"line":11,"column":21},"end":{"line":11,"column":null}},"loc":{"start":{"line":12,"column":57},"end":{"line":29,"column":null}},"line":12}},"branchMap":{"0":{"loc":{"start":{"line":12,"column":21},"end":{"line":12,"column":37}},"type":"default-arg","locations":[{"start":{"line":12,"column":33},"end":{"line":12,"column":37}}],"line":12},"1":{"loc":{"start":{"line":16,"column":9},"end":{"line":21,"column":9}},"type":"binary-expr","locations":[{"start":{"line":16,"column":9},"end":{"line":16,"column":null}},{"start":{"line":17,"column":10},"end":{"line":21,"column":9}}],"line":16},"2":{"loc":{"start":{"line":23,"column":43},"end":{"line":23,"column":75}},"type":"cond-expr","locations":[{"start":{"line":23,"column":58},"end":{"line":23,"column":68}},{"start":{"line":23,"column":68},"end":{"line":23,"column":75}}],"line":23}},"s":{"0":6,"1":6,"2":10,"3":10,"4":6},"f":{"0":10},"b":{"0":[10],"1":[10,8],"2":[8,2]},"meta":{"lastBranch":3,"lastFunction":1,"lastStatement":5,"seen":{"s:4:2:4:Infinity":0,"s:11:13:29:Infinity":1,"f:11:21:11:Infinity":0,"b:12:33:12:37":0,"s:13:25:13:48":2,"s:14:4:25:Infinity":3,"b:16:9:16:Infinity:17:10:21:9":1,"b:23:58:23:68:23:68:23:75":2,"s:31:0:31:Infinity":4}}}
,"/Users/soularis109/aqwex/src/shared/ui/PageLayout.tsx": {"path":"/Users/soularis109/aqwex/src/shared/ui/PageLayout.tsx","statementMap":{"0":{"start":{"line":8,"column":2},"end":{"line":13,"column":null}}},"fnMap":{"0":{"name":"PageLayout","decl":{"start":{"line":7,"column":16},"end":{"line":7,"column":27}},"loc":{"start":{"line":7,"column":58},"end":{"line":13,"column":null}},"line":7}},"branchMap":{},"s":{"0":6},"f":{"0":6},"b":{},"meta":{"lastBranch":0,"lastFunction":1,"lastStatement":1,"seen":{"f:7:16:7:27":0,"s:8:2:13:Infinity":0}}}
,"/Users/soularis109/aqwex/src/shared/ui/Pagination.tsx": {"path":"/Users/soularis109/aqwex/src/shared/ui/Pagination.tsx","statementMap":{"0":{"start":{"line":11,"column":21},"end":{"line":11,"column":61}},"1":{"start":{"line":13,"column":2},"end":{"line":13,"column":null}},"2":{"start":{"line":13,"column":23},"end":{"line":13,"column":null}},"3":{"start":{"line":15,"column":16},"end":{"line":15,"column":67}},"4":{"start":{"line":15,"column":61},"end":{"line":15,"column":67}},"5":{"start":{"line":17,"column":2},"end":{"line":47,"column":null}},"6":{"start":{"line":21,"column":23},"end":{"line":21,"column":52}},"7":{"start":{"line":29,"column":8},"end":{"line":37,"column":null}},"8":{"start":{"line":32,"column":25},"end":{"line":32,"column":43}},"9":{"start":{"line":41,"column":23},"end":{"line":41,"column":52}}},"fnMap":{"0":{"name":"Pagination","decl":{"start":{"line":10,"column":16},"end":{"line":10,"column":27}},"loc":{"start":{"line":10,"column":92},"end":{"line":47,"column":null}},"line":10},"1":{"name":"(anonymous_1)","decl":{"start":{"line":15,"column":49},"end":{"line":15,"column":52}},"loc":{"start":{"line":15,"column":61},"end":{"line":15,"column":67}},"line":15},"2":{"name":"(anonymous_2)","decl":{"start":{"line":21,"column":8},"end":{"line":21,"column":23}},"loc":{"start":{"line":21,"column":23},"end":{"line":21,"column":52}},"line":21},"3":{"name":"(anonymous_3)","decl":{"start":{"line":28,"column":13},"end":{"line":28,"column":18}},"loc":{"start":{"line":29,"column":8},"end":{"line":37,"column":null}},"line":29},"4":{"name":"(anonymous_4)","decl":{"start":{"line":32,"column":10},"end":{"line":32,"column":25}},"loc":{"start":{"line":32,"column":25},"end":{"line":32,"column":43}},"line":32},"5":{"name":"(anonymous_5)","decl":{"start":{"line":41,"column":8},"end":{"line":41,"column":23}},"loc":{"start":{"line":41,"column":23},"end":{"line":41,"column":52}},"line":41}},"branchMap":{"0":{"loc":{"start":{"line":13,"column":2},"end":{"line":13,"column":null}},"type":"if","locations":[{"start":{"line":13,"column":2},"end":{"line":13,"column":null}},{"start":{},"end":{}}],"line":13},"1":{"loc":{"start":{"line":31,"column":19},"end":{"line":31,"column":null}},"type":"cond-expr","locations":[{"start":{"line":31,"column":42},"end":{"line":31,"column":62}},{"start":{"line":31,"column":62},"end":{"line":31,"column":null}}],"line":31}},"s":{"0":12,"1":12,"2":8,"3":4,"4":16,"5":4,"6":0,"7":16,"8":1,"9":0},"f":{"0":12,"1":16,"2":0,"3":16,"4":1,"5":0},"b":{"0":[8,4],"1":[4,12]},"meta":{"lastBranch":2,"lastFunction":6,"lastStatement":10,"seen":{"f:10:16:10:27":0,"s:11:21:11:61":0,"b:13:2:13:Infinity:undefined:undefined:undefined:undefined":0,"s:13:2:13:Infinity":1,"s:13:23:13:Infinity":2,"s:15:16:15:67":3,"f:15:49:15:52":1,"s:15:61:15:67":4,"s:17:2:47:Infinity":5,"f:21:8:21:23":2,"s:21:23:21:52":6,"f:28:13:28:18":3,"s:29:8:37:Infinity":7,"b:31:42:31:62:31:62:31:Infinity":1,"f:32:10:32:25":4,"s:32:25:32:43":8,"f:41:8:41:23":5,"s:41:23:41:52":9}}}
,"/Users/soularis109/aqwex/src/shared/ui/RatingStars.tsx": {"path":"/Users/soularis109/aqwex/src/shared/ui/RatingStars.tsx","statementMap":{"0":{"start":{"line":7,"column":20},"end":{"line":7,"column":38}},"1":{"start":{"line":8,"column":18},"end":{"line":8,"column":null}},"2":{"start":{"line":10,"column":2},"end":{"line":45,"column":null}},"3":{"start":{"line":14,"column":28},"end":{"line":14,"column":null}},"4":{"start":{"line":15,"column":21},"end":{"line":15,"column":null}},"5":{"start":{"line":16,"column":10},"end":{"line":17,"column":null}},"6":{"start":{"line":16,"column":38},"end":{"line":16,"column":null}},"7":{"start":{"line":17,"column":19},"end":{"line":17,"column":null}},"8":{"start":{"line":17,"column":59},"end":{"line":17,"column":null}},"9":{"start":{"line":19,"column":10},"end":{"line":40,"column":null}}},"fnMap":{"0":{"name":"RatingStars","decl":{"start":{"line":6,"column":16},"end":{"line":6,"column":28}},"loc":{"start":{"line":6,"column":72},"end":{"line":45,"column":null}},"line":6},"1":{"name":"(anonymous_1)","decl":{"start":{"line":13,"column":35},"end":{"line":13,"column":40}},"loc":{"start":{"line":13,"column":53},"end":{"line":40,"column":null}},"line":13}},"branchMap":{"0":{"loc":{"start":{"line":16,"column":10},"end":{"line":17,"column":null}},"type":"if","locations":[{"start":{"line":16,"column":10},"end":{"line":17,"column":null}},{"start":{"line":17,"column":19},"end":{"line":17,"column":null}}],"line":16},"1":{"loc":{"start":{"line":17,"column":19},"end":{"line":17,"column":null}},"type":"if","locations":[{"start":{"line":17,"column":19},"end":{"line":17,"column":null}},{"start":{},"end":{}}],"line":17},"2":{"loc":{"start":{"line":17,"column":19},"end":{"line":17,"column":59}},"type":"binary-expr","locations":[{"start":{"line":17,"column":19},"end":{"line":17,"column":50}},{"start":{"line":17,"column":50},"end":{"line":17,"column":59}}],"line":17},"3":{"loc":{"start":{"line":26,"column":15},"end":{"line":34,"column":15}},"type":"binary-expr","locations":[{"start":{"line":26,"column":15},"end":{"line":26,"column":null}},{"start":{"line":27,"column":16},"end":{"line":34,"column":15}}],"line":26}},"s":{"0":9,"1":9,"2":9,"3":45,"4":45,"5":45,"6":36,"7":9,"8":9,"9":45},"f":{"0":9,"1":45},"b":{"0":[36,9],"1":[9,0],"2":[9,9],"3":[45,9]},"meta":{"lastBranch":4,"lastFunction":2,"lastStatement":10,"seen":{"f:6:16:6:28":0,"s:7:20:7:38":0,"s:8:18:8:Infinity":1,"s:10:2:45:Infinity":2,"f:13:35:13:40":1,"s:14:28:14:Infinity":3,"s:15:21:15:Infinity":4,"b:16:10:17:Infinity:17:19:17:Infinity":0,"s:16:10:17:Infinity":5,"s:16:38:16:Infinity":6,"b:17:19:17:Infinity:undefined:undefined:undefined:undefined":1,"s:17:19:17:Infinity":7,"b:17:19:17:50:17:50:17:59":2,"s:17:59:17:Infinity":8,"s:19:10:40:Infinity":9,"b:26:15:26:Infinity:27:16:34:15":3}}}
,"/Users/soularis109/aqwex/src/shared/ui/Select.tsx": {"path":"/Users/soularis109/aqwex/src/shared/ui/Select.tsx","statementMap":{"0":{"start":{"line":4,"column":2},"end":{"line":4,"column":null}},"1":{"start":{"line":8,"column":13},"end":{"line":16,"column":null}},"2":{"start":{"line":10,"column":4},"end":{"line":16,"column":null}},"3":{"start":{"line":18,"column":0},"end":{"line":18,"column":null}}},"fnMap":{"0":{"name":"(anonymous_0)","decl":{"start":{"line":8,"column":22},"end":{"line":8,"column":null}},"loc":{"start":{"line":10,"column":4},"end":{"line":16,"column":null}},"line":10}},"branchMap":{"0":{"loc":{"start":{"line":9,"column":5},"end":{"line":9,"column":21}},"type":"default-arg","locations":[{"start":{"line":9,"column":17},"end":{"line":9,"column":21}}],"line":9}},"s":{"0":5,"1":5,"2":15,"3":5},"f":{"0":15},"b":{"0":[15]},"meta":{"lastBranch":1,"lastFunction":1,"lastStatement":4,"seen":{"s:4:2:4:Infinity":0,"s:8:13:16:Infinity":1,"f:8:22:8:Infinity":0,"s:10:4:16:Infinity":2,"b:9:17:9:21":0,"s:18:0:18:Infinity":3}}}
,"/Users/soularis109/aqwex/src/shared/ui/index.ts": {"path":"/Users/soularis109/aqwex/src/shared/ui/index.ts","statementMap":{},"fnMap":{},"branchMap":{},"s":{},"f":{},"b":{},"meta":{"lastBranch":0,"lastFunction":0,"lastStatement":0,"seen":{}}}
,"/Users/soularis109/aqwex/src/widgets/productsGrid/index.ts": {"path":"/Users/soularis109/aqwex/src/widgets/productsGrid/index.ts","statementMap":{},"fnMap":{},"branchMap":{},"s":{},"f":{},"b":{},"meta":{"lastBranch":0,"lastFunction":0,"lastStatement":0,"seen":{}}}
,"/Users/soularis109/aqwex/src/widgets/productsGrid/ui/ProductGrid.tsx": {"path":"/Users/soularis109/aqwex/src/widgets/productsGrid/ui/ProductGrid.tsx","statementMap":{"0":{"start":{"line":10,"column":2},"end":{"line":16,"column":null}},"1":{"start":{"line":11,"column":4},"end":{"line":16,"column":null}},"2":{"start":{"line":14,"column":10},"end":{"line":14,"column":null}},"3":{"start":{"line":20,"column":2},"end":{"line":24,"column":null}},"4":{"start":{"line":21,"column":4},"end":{"line":24,"column":null}},"5":{"start":{"line":28,"column":2},"end":{"line":33,"column":null}},"6":{"start":{"line":31,"column":8},"end":{"line":31,"column":null}}},"fnMap":{"0":{"name":"ProductGrid","decl":{"start":{"line":9,"column":16},"end":{"line":9,"column":28}},"loc":{"start":{"line":9,"column":69},"end":{"line":33,"column":null}},"line":9},"1":{"name":"(anonymous_1)","decl":{"start":{"line":13,"column":35},"end":{"line":13,"column":40}},"loc":{"start":{"line":14,"column":10},"end":{"line":14,"column":null}},"line":14},"2":{"name":"(anonymous_2)","decl":{"start":{"line":30,"column":16},"end":{"line":30,"column":21}},"loc":{"start":{"line":31,"column":8},"end":{"line":31,"column":null}},"line":31}},"branchMap":{"0":{"loc":{"start":{"line":10,"column":2},"end":{"line":16,"column":null}},"type":"if","locations":[{"start":{"line":10,"column":2},"end":{"line":16,"column":null}},{"start":{},"end":{}}],"line":10},"1":{"loc":{"start":{"line":10,"column":6},"end":{"line":10,"column":40}},"type":"binary-expr","locations":[{"start":{"line":10,"column":6},"end":{"line":10,"column":17}},{"start":{"line":10,"column":17},"end":{"line":10,"column":40}}],"line":10},"2":{"loc":{"start":{"line":20,"column":2},"end":{"line":24,"column":null}},"type":"if","locations":[{"start":{"line":20,"column":2},"end":{"line":24,"column":null}},{"start":{},"end":{}}],"line":20},"3":{"loc":{"start":{"line":20,"column":6},"end":{"line":20,"column":41}},"type":"binary-expr","locations":[{"start":{"line":20,"column":6},"end":{"line":20,"column":18}},{"start":{"line":20,"column":18},"end":{"line":20,"column":41}}],"line":20}},"s":{"0":7,"1":1,"2":8,"3":6,"4":2,"5":4,"6":5},"f":{"0":7,"1":8,"2":5},"b":{"0":[1,6],"1":[7,2],"2":[2,4],"3":[6,5]},"meta":{"lastBranch":4,"lastFunction":3,"lastStatement":7,"seen":{"f:9:16:9:28":0,"b:10:2:16:Infinity:undefined:undefined:undefined:undefined":0,"s:10:2:16:Infinity":0,"b:10:6:10:17:10:17:10:40":1,"s:11:4:16:Infinity":1,"f:13:35:13:40":1,"s:14:10:14:Infinity":2,"b:20:2:24:Infinity:undefined:undefined:undefined:undefined":2,"s:20:2:24:Infinity":3,"b:20:6:20:18:20:18:20:41":3,"s:21:4:24:Infinity":4,"s:28:2:33:Infinity":5,"f:30:16:30:21":2,"s:31:8:31:Infinity":6}}}
,"/Users/soularis109/aqwex/src/widgets/productsToolbar/index.ts": {"path":"/Users/soularis109/aqwex/src/widgets/productsToolbar/index.ts","statementMap":{},"fnMap":{},"branchMap":{},"s":{},"f":{},"b":{},"meta":{"lastBranch":0,"lastFunction":0,"lastStatement":0,"seen":{}}}
,"/Users/soularis109/aqwex/src/widgets/productsToolbar/ui/ProductsToolbar.tsx": {"path":"/Users/soularis109/aqwex/src/widgets/productsToolbar/ui/ProductsToolbar.tsx","statementMap":{"0":{"start":{"line":8,"column":2},"end":{"line":11,"column":null}}},"fnMap":{"0":{"name":"ProductsToolbar","decl":{"start":{"line":7,"column":16},"end":{"line":7,"column":32}},"loc":{"start":{"line":7,"column":65},"end":{"line":11,"column":null}},"line":7}},"branchMap":{},"s":{"0":11},"f":{"0":11},"b":{},"meta":{"lastBranch":0,"lastFunction":1,"lastStatement":1,"seen":{"f:7:16:7:32":0,"s:8:2:11:Infinity":0}}}
}
